{"meta": {"format": 3, "version": "7.15.4", "timestamp": "2026-08-16T10:35:52.848207", "branch_coverage": false, "show_contexts": false}, "files": {"app/routers/search.py": {"executed_lines": [1, 2, 3, 4, 6, 7, 8, 9, 10, 12, 15, 16, 17, 18, 19, 20, 22, 23, 24, 25, 26, 27, 28, 29, 30, 32, 33, 34, 35, 36, 37, 38, 39, 41, 42, 43, 44, 45, 47, 48, 49, 50, 51, 52, 53, 54, 55, 59, 60, 69, 71, 79, 85, 94, 95, 97, 99, 109, 110, 119, 121, 123, 130, 132, 139, 151, 152, 159, 160, 161, 165, 166, 173, 174, 175, 179, 180, 185, 186, 188, 190, 196, 197, 204, 207, 208, 209, 210, 211, 214, 215, 216, 217, 218, 221, 222, 223, 224, 225, 229, 231, 235, 236, 242, 243, 245, 246, 253, 254, 256, 258, 266, 273], "summary": {"covered_lines": 113, "num_statements": 113, "percent_covered": 100.0, "percent_covered_display": "100", "missing_lines": 0, "excluded_lines": 0, "percent_statements_covered": 100.0, "percent_statements_covered_display": "100"}, "missing_lines": [], "excluded_lines": [], "functions": {"search": {"executed_lines": [69, 71, 79, 85, 94, 95, 97, 99], "summary": {"covered_lines": 8, "num_statements": 8, "percent_covered": 100.0, "percent_covered_display": "100", "missing_lines": 0, "excluded_lines": 0, "percent_statements_covered": 100.0, "percent_statements_covered_display": "100"}, "missing_lines": [], "excluded_lines": [], "start_line": 60}, "search_get": {"executed_lines": [119, 121, 123, 130, 132, 139], "summary": {"covered_lines": 6, "num_statements": 6, "percent_covered": 100.0, "percent_covered_display": "100", "missing_lines": 0, "excluded_lines": 0, "percent_statements_covered": 100.0, "percent_statements_covered_display": "100"}, "missing_lines": [], "excluded_lines": [], "start_line": 110}, "get_suggestions": {"executed_lines": [159, 160, 161], "summary": {"covered_lines": 3, "num_statements": 3, "percent_covered": 100.0, "percent_covered_display": "100", "missing_lines": 0, "excluded_lines": 0, "percent_statements_covered": 100.0, "percent_statements_covered_display": "100"}, "missing_lines": [], "excluded_lines": [], "start_line": 152}, "get_facets": {"executed_lines": [173, 174, 175], "summary": {"covered_lines": 3, "num_statements": 3, "percent_covered": 100.0, "percent_covered_display": "100", "missing_lines": 0, "excluded_lines": 0, "percent_statements_covered": 100.0, "percent_statements_covered_display": "100"}, "missing_lines": [], "excluded_lines": [], "start_line": 166}, "reindex_all": {"executed_lines": [185, 186, 188, 190], "summary": {"covered_lines": 4, "num_statements": 4, "percent_covered": 100.0, "percent_covered_display": "100", "missing_lines": 0, "excluded_lines": 0, "percent_statements_covered": 100.0, "percent_statements_covered_display": "100"}, "missing_lines": [], "excluded_lines": [], "start_line": 180}, "index_entity": {"executed_lines": [204, 207, 208, 209, 210, 211, 214, 215, 216, 217, 218, 221, 222, 223, 224, 225, 229, 231], "summary": {"covered_lines": 18, "num_statements": 18, "percent_covered": 100.0, "percent_covered_display": "100", "missing_lines": 0, "excluded_lines": 0, "percent_statements_covered": 100.0, "percent_statements_covered_display": "100"}, "missing_lines": [], "excluded_lines": [], "start_line": 197}, "get_search_analytics": {"executed_lines": [242, 243], "summary": {"covered_lines": 2, "num_statements": 2, "percent_covered": 100.0, "percent_covered_display": "100", "missing_lines": 0, "excluded_lines": 0, "percent_statements_covered": 100.0, "percent_statements_covered_display": "100"}, "missing_lines": [], "excluded_lines": [], "start_line": 236}, "get_popular_queries": {"executed_lines": [253, 254, 256, 258, 266], "summary": {"covered_lines": 5, "num_statements": 5, "percent_covered": 100.0, "percent_covered_display": "100", "missing_lines": 0, "excluded_lines": 0, "percent_statements_covered": 100.0, "percent_statements_covered_display": "100"}, "missing_lines": [], "excluded_lines": [], "start_line": 246}, "": {"executed_lines": [1, 2, 3, 4, 6, 7, 8, 9, 10, 12, 15, 16, 17, 18, 19, 20, 22, 23, 24, 25, 26, 27, 28, 29, 30, 32, 33, 34, 35, 36, 37, 38, 39, 41, 42, 43, 44, 45, 47, 48, 49, 50, 51, 52, 53, 54, 55, 59, 60, 109, 110, 151, 152, 165, 166, 179, 180, 196, 197, 235, 236, 245, 246, 273], "summary": {"covered_lines": 64, "num_statements": 64, "percent_covered": 100.0, "percent_covered_display": "100", "missing_lines": 0, "excluded_lines": 0, "percent_statements_covered": 100.0, "percent_statements_covered_display": "100"}, "missing_lines": [], "excluded_lines": [], "start_line": 1}}, "classes": {"SearchRequest": {"executed_lines": [], "summary": {"covered_lines": 0, "num_statements": 0, "percent_covered": 100.0, "percent_covered_display": "100", "missing_lines": 0, "excluded_lines": 0, "percent_statements_covered": 100.0, "percent_statements_covered_display": "100"}, "missing_lines": [], "excluded_lines": [], "start_line": 15}, "SearchResult": {"executed_lines": [], "summary": {"covered_lines": 0, "num_statements": 0, "percent_covered": 100.0, "percent_covered_display": "100", "missing_lines": 0, "excluded_lines": 0, "percent_statements_covered": 100.0, "percent_statements_covered_display": "100"}, "missing_lines": [], "excluded_lines": [], "start_line": 22}, "SearchResponse": {"executed_lines": [], "summary": {"covered_lines": 0, "num_statements": 0, "percent_covered": 100.0, "percent_covered_display": "100", "missing_lines": 0, "excluded_lines": 0, "percent_statements_covered": 100.0, "percent_statements_covered_display": "100"}, "missing_lines": [], "excluded_lines": [], "start_line": 32}, "SuggestionResponse": {"executed_lines": [], "summary": {"covered_lines": 0, "num_statements": 0, "percent_covered": 100.0, "percent_covered_display": "100", "missing_lines": 0, "excluded_lines": 0, "percent_statements_covered": 100.0, "percent_statements_covered_display": "100"}, "missing_lines": [], "excluded_lines": [], "start_line": 41}, "SearchAnalytics": {"executed_lines": [], "summary": {"covered_lines": 0, "num_statements": 0, "percent_covered": 100.0, "percent_covered_display": "100", "missing_lines": 0, "excluded_lines": 0, "percent_statements_covered": 100.0, "percent_statements_covered_display": "100"}, "missing_lines": [], "excluded_lines": [], "start_line": 47}, "": {"executed_lines": [1, 2, 3, 4, 6, 7, 8, 9, 10, 12, 15, 16, 17, 18, 19, 20, 22, 23, 24, 25, 26, 27, 28, 29, 30, 32, 33, 34, 35, 36, 37, 38, 39, 41, 42, 43, 44, 45, 47, 48, 49, 50, 51, 52, 53, 54, 55, 59, 60, 69, 71, 79, 85, 94, 95, 97, 99, 109, 110, 119, 121, 123, 130, 132, 139, 151, 152, 159, 160, 161, 165, 166, 173, 174, 175, 179, 180, 185, 186, 188, 190, 196, 197, 204, 207, 208, 209, 210, 211, 214, 215, 216, 217, 218, 221, 222, 223, 224, 225, 229, 231, 235, 236, 242, 243, 245, 246, 253, 254, 256, 258, 266, 273], "summary": {"covered_lines": 113, "num_statements": 113, "percent_covered": 100.0, "percent_covered_display": "100", "missing_lines": 0, "excluded_lines": 0, "percent_statements_covered": 100.0, "percent_statements_covered_display": "100"}, "missing_lines": [], "excluded_lines": [], "start_line": 1}}}, "app/services/search_service.py": {"executed_lines": [1, 2, 3, 4, 5, 6, 7, 8, 10, 11, 13, 16, 17, 18, 19, 23, 26, 27, 28, 29, 30, 33, 38, 39, 40, 41, 42, 43, 44, 46, 55, 57, 59, 61, 65, 67, 69, 70, 71, 86, 88, 89, 90, 103, 105, 106, 107, 122, 124, 125, 126, 140, 142, 143, 144, 158, 161, 162, 165, 166, 167, 168, 169, 171, 181, 190, 193, 196, 198, 199, 201, 207, 208, 211, 212, 213, 214, 217, 218, 219, 224, 227, 232, 233, 234, 245, 247, 249, 251, 253, 254, 255, 256, 261, 265, 273, 274, 277, 278, 279, 280, 282, 295, 297, 298, 301, 308, 312, 313, 315, 316, 317, 318, 325, 326, 335, 337, 339, 344, 345, 346, 348, 354, 356, 360, 362, 370, 371, 373, 375, 377, 380, 385, 393, 399, 404, 412, 413, 417, 418, 419, 420, 422], "summary": {"covered_lines": 143, "num_statements": 146, "percent_covered": 97.94520547945206, "percent_covered_display": "98", "missing_lines": 3, "excluded_lines": 0, "percent_statements_covered": 97.94520547945206, "percent_statements_covered_display": "98"}, "missing_lines": [262, 327, 328], "excluded_lines": [], "functions": {"SearchService.__init__": {"executed_lines": [17, 18, 19], "summary": {"covered_lines": 3, "num_statements": 3, "percent_covered": 100.0, "percent_covered_display": "100", "missing_lines": 0, "excluded_lines": 0, "percent_statements_covered": 100.0, "percent_statements_covered_display": "100"}, "missing_lines": [], "excluded_lines": [], "start_line": 16}, "SearchService.index_entity": {"executed_lines": [26, 27, 28, 29, 30, 33, 38, 39, 40, 41, 42, 43, 44, 46, 55, 57], "summary": {"covered_lines": 16, "num_statements": 16, "percent_covered": 100.0, "percent_covered_display": "100", "missing_lines": 0, "excluded_lines": 0, "percent_statements_covered": 100.0, "percent_statements_covered_display": "100"}, "missing_lines": [], "excluded_lines": [], "start_line": 23}, "SearchService.remove_from_index": {"executed_lines": [61, 65], "summary": {"covered_lines": 2, "num_statements": 2, "percent_covered": 100.0, "percent_covered_display": "100", "missing_lines": 0, "excluded_lines": 0, "percent_statements_covered": 100.0, "percent_statements_covered_display": "100"}, "missing_lines": [], "excluded_lines": [], "start_line": 59}, "SearchService.index_all_contacts": {"executed_lines": [69, 70, 71], "summary": {"covered_lines": 3, "num_statements": 3, "percent_covered": 100.0, "percent_covered_display": "100", "missing_lines": 0, "excluded_lines": 0, "percent_statements_covered": 100.0, "percent_statements_covered_display": "100"}, "missing_lines": [], "excluded_lines": [], "start_line": 67}, "SearchService.index_all_companies": {"executed_lines": [88, 89, 90], "summary": {"covered_lines": 3, "num_statements": 3, "percent_covered": 100.0, "percent_covered_display": "100", "missing_lines": 0, "excluded_lines": 0, "percent_statements_covered": 100.0, "percent_statements_covered_display": "100"}, "missing_lines": [], "excluded_lines": [], "start_line": 86}, "SearchService.index_all_products": {"executed_lines": [105, 106, 107], "summary": {"covered_lines": 3, "num_statements": 3, "percent_covered": 100.0, "percent_covered_display": "100", "missing_lines": 0, "excluded_lines": 0, "percent_statements_covered": 100.0, "percent_statements_covered_display": "100"}, "missing_lines": [], "excluded_lines": [], "start_line": 103}, "SearchService.index_all_employees": {"executed_lines": [124, 125, 126], "summary": {"covered_lines": 3, "num_statements": 3, "percent_covered": 100.0, "percent_covered_display": "100", "missing_lines": 0, "excluded_lines": 0, "percent_statements_covered": 100.0, "percent_statements_covered_display": "100"}, "missing_lines": [], "excluded_lines": [], "start_line": 122}, "SearchService.index_all_documents": {"executed_lines": [142, 143, 144], "summary": {"covered_lines": 3, "num_statements": 3, "percent_covered": 100.0, "percent_covered_display": "100", "missing_lines": 0, "excluded_lines": 0, "percent_statements_covered": 100.0, "percent_statements_covered_display": "100"}, "missing_lines": [], "excluded_lines": [], "start_line": 140}, "SearchService.reindex_all": {"executed_lines": [161, 162, 165, 166, 167, 168, 169, 171], "summary": {"covered_lines": 8, "num_statements": 8, "percent_covered": 100.0, "percent_covered_display": "100", "missing_lines": 0, "excluded_lines": 0, "percent_statements_covered": 100.0, "percent_statements_covered_display": "100"}, "missing_lines": [], "excluded_lines": [], "start_line": 158}, "SearchService.search": {"executed_lines": [190, 193, 196, 198, 199, 201, 207, 208, 211, 212, 213, 214, 217, 218, 219, 224, 227, 232, 233, 234, 245, 247], "summary": {"covered_lines": 22, "num_statements": 22, "percent_covered": 100.0, "percent_covered_display": "100", "missing_lines": 0, "excluded_lines": 0, "percent_statements_covered": 100.0, "percent_statements_covered_display": "100"}, "missing_lines": [], "excluded_lines": [], "start_line": 181}, "SearchService.get_facets": {"executed_lines": [251, 253, 254, 255, 256, 261, 265, 273, 274, 277, 278, 279, 280, 282], "summary": {"covered_lines": 14, "num_statements": 15, "percent_covered": 93.33333333333333, "percent_covered_display": "93", "missing_lines": 1, "excluded_lines": 0, "percent_statements_covered": 93.33333333333333, "percent_statements_covered_display": "93"}, "missing_lines": [262], "excluded_lines": [], "start_line": 249}, "SearchService.get_suggestions": {"executed_lines": [297, 298, 301, 308, 312, 313, 315, 316, 317, 318, 325, 326, 335], "summary": {"covered_lines": 13, "num_statements": 15, "percent_covered": 86.66666666666667, "percent_covered_display": "87", "missing_lines": 2, "excluded_lines": 0, "percent_statements_covered": 86.66666666666667, "percent_statements_covered_display": "87"}, "missing_lines": [327, 328], "excluded_lines": [], "start_line": 295}, "SearchService.record_suggestion": {"executed_lines": [339, 344, 345, 346, 348, 354, 356], "summary": {"covered_lines": 7, "num_statements": 7, "percent_covered": 100.0, "percent_covered_display": "100", "missing_lines": 0, "excluded_lines": 0, "percent_statements_covered": 100.0, "percent_statements_covered_display": "100"}, "missing_lines": [], "excluded_lines": [], "start_line": 337}, "SearchService.log_query": {"executed_lines": [362, 370, 371], "summary": {"covered_lines": 3, "num_statements": 3, "percent_covered": 100.0, "percent_covered_display": "100", "missing_lines": 0, "excluded_lines": 0, "percent_statements_covered": 100.0, "percent_statements_covered_display": "100"}, "missing_lines": [], "excluded_lines": [], "start_line": 360}, "SearchService.get_search_analytics": {"executed_lines": [375, 377, 380, 385, 393, 399, 404, 412, 413, 417, 418, 419, 420, 422], "summary": {"covered_lines": 14, "num_statements": 14, "percent_covered": 100.0, "percent_covered_display": "100", "missing_lines": 0, "excluded_lines": 0, "percent_statements_covered": 100.0, "percent_statements_covered_display": "100"}, "missing_lines": [], "excluded_lines": [], "start_line": 373}, "": {"executed_lines": [1, 2, 3, 4, 5, 6, 7, 8, 10, 11, 13, 16, 23, 59, 67, 86, 103, 122, 140, 158, 181, 249, 295, 337, 360, 373], "summary": {"covered_lines": 26, "num_statements": 26, "percent_covered": 100.0, "percent_covered_display": "100", "missing_lines": 0, "excluded_lines": 0, "percent_statements_covered": 100.0, "percent_statements_covered_display": "100"}, "missing_lines": [], "excluded_lines": [], "start_line": 1}}, "classes": {"SearchService": {"executed_lines": [17, 18, 19, 26, 27, 28, 29, 30, 33, 38, 39, 40, 41, 42, 43, 44, 46, 55, 57, 61, 65, 69, 70, 71, 88, 89, 90, 105, 106, 107, 124, 125, 126, 142, 143, 144, 161, 162, 165, 166, 167, 168, 169, 171, 190, 193, 196, 198, 199, 201, 207, 208, 211, 212, 213, 214, 217, 218, 219, 224, 227, 232, 233, 234, 245, 247, 251, 253, 254, 255, 256, 261, 265, 273, 274, 277, 278, 279, 280, 282, 297, 298, 301, 308, 312, 313, 315, 316, 317, 318, 325, 326, 335, 339, 344, 345, 346, 348, 354, 356, 362, 370, 371, 375, 377, 380, 385, 393, 399, 404, 412, 413, 417, 418, 419, 420, 422], "summary": {"covered_lines": 117, "num_statements": 120, "percent_covered": 97.5, "percent_covered_display": "98", "missing_lines": 3, "excluded_lines": 0, "percent_statements_covered": 97.5, "percent_statements_covered_display": "98"}, "missing_lines": [262, 327, 328], "excluded_lines": [], "start_line": 13}, "": {"executed_lines": [1, 2, 3, 4, 5, 6, 7, 8, 10, 11, 13, 16, 23, 59, 67, 86, 103, 122, 140, 158, 181, 249, 295, 337, 360, 373], "summary": {"covered_lines": 26, "num_statements": 26, "percent_covered": 100.0, "percent_covered_display": "100", "missing_lines": 0, "excluded_lines": 0, "percent_statements_covered": 100.0, "percent_statements_covered_display": "100"}, "missing_lines": [], "excluded_lines": [], "start_line": 1}}}}, "totals": {"covered_lines": 256, "num_statements": 259, "percent_covered": 98.84169884169884, "percent_covered_display": "99", "missing_lines": 3, "excluded_lines": 0, "percent_statements_covered": 98.84169884169884, "percent_statements_covered_display": "99"}}